[20:18:45] [Server thread/INFO]: Starting minecraft server version 1.7.9
[20:18:45] [Server thread/INFO]: Loading properties
[20:18:45] [Server thread/WARN]: server.properties does not exist
[20:18:45] [Server thread/INFO]: Generating new properties file
[20:18:45] [Server thread/INFO]: Default game type: SURVIVAL
[20:18:45] [Server thread/INFO]: Generating keypair
[20:18:45] [Server thread/INFO]: Starting Minecraft server on *:25565
[20:18:45] [Server thread/INFO]: This server is running CraftBukkit version git-Bukkit-1.7.9-R0.1-10-g8688bd4-b3092jnks (MC: 1.7.9) (Implementing API version 1.7.9-R0.2)
[20:18:45] [Server thread/WARN]: Failed to load user banlist: 
java.io.FileNotFoundException: banned-players.json (No such file or directory)
	at java.io.FileInputStream.open(Native Method) ~[?:1.7.0_60]
	at java.io.FileInputStream.<init>(FileInputStream.java:146) ~[?:1.7.0_60]
	at net.minecraft.util.com.google.common.io.Files.newReader(Files.java:86) ~[craftbukkit-beta.jar:git-Bukkit-1.7.9-R0.1-10-g8688bd4-b3092jnks]
	at net.minecraft.server.v1_7_R3.JsonList.load(JsonList.java:147) ~[craftbukkit-beta.jar:git-Bukkit-1.7.9-R0.1-10-g8688bd4-b3092jnks]
	at net.minecraft.server.v1_7_R3.DedicatedPlayerList.y(SourceFile:99) [craftbukkit-beta.jar:git-Bukkit-1.7.9-R0.1-10-g8688bd4-b3092jnks]
	at net.minecraft.server.v1_7_R3.DedicatedPlayerList.<init>(SourceFile:25) [craftbukkit-beta.jar:git-Bukkit-1.7.9-R0.1-10-g8688bd4-b3092jnks]
	at net.minecraft.server.v1_7_R3.DedicatedServer.init(DedicatedServer.java:126) [craftbukkit-beta.jar:git-Bukkit-1.7.9-R0.1-10-g8688bd4-b3092jnks]
	at net.minecraft.server.v1_7_R3.MinecraftServer.run(MinecraftServer.java:436) [craftbukkit-beta.jar:git-Bukkit-1.7.9-R0.1-10-g8688bd4-b3092jnks]
	at net.minecraft.server.v1_7_R3.ThreadServerApplication.run(SourceFile:628) [craftbukkit-beta.jar:git-Bukkit-1.7.9-R0.1-10-g8688bd4-b3092jnks]
[20:18:45] [Server thread/WARN]: Failed to load ip banlist: 
java.io.FileNotFoundException: banned-ips.json (No such file or directory)
	at java.io.FileInputStream.open(Native Method) ~[?:1.7.0_60]
	at java.io.FileInputStream.<init>(FileInputStream.java:146) ~[?:1.7.0_60]
	at net.minecraft.util.com.google.common.io.Files.newReader(Files.java:86) ~[craftbukkit-beta.jar:git-Bukkit-1.7.9-R0.1-10-g8688bd4-b3092jnks]
	at net.minecraft.server.v1_7_R3.JsonList.load(JsonList.java:147) ~[craftbukkit-beta.jar:git-Bukkit-1.7.9-R0.1-10-g8688bd4-b3092jnks]
	at net.minecraft.server.v1_7_R3.DedicatedPlayerList.x(SourceFile:91) [craftbukkit-beta.jar:git-Bukkit-1.7.9-R0.1-10-g8688bd4-b3092jnks]
	at net.minecraft.server.v1_7_R3.DedicatedPlayerList.<init>(SourceFile:27) [craftbukkit-beta.jar:git-Bukkit-1.7.9-R0.1-10-g8688bd4-b3092jnks]
	at net.minecraft.server.v1_7_R3.DedicatedServer.init(DedicatedServer.java:126) [craftbukkit-beta.jar:git-Bukkit-1.7.9-R0.1-10-g8688bd4-b3092jnks]
	at net.minecraft.server.v1_7_R3.MinecraftServer.run(MinecraftServer.java:436) [craftbukkit-beta.jar:git-Bukkit-1.7.9-R0.1-10-g8688bd4-b3092jnks]
	at net.minecraft.server.v1_7_R3.ThreadServerApplication.run(SourceFile:628) [craftbukkit-beta.jar:git-Bukkit-1.7.9-R0.1-10-g8688bd4-b3092jnks]
[20:18:45] [Server thread/WARN]: Failed to load operators list: 
java.io.FileNotFoundException: ops.json (No such file or directory)
	at java.io.FileInputStream.open(Native Method) ~[?:1.7.0_60]
	at java.io.FileInputStream.<init>(FileInputStream.java:146) ~[?:1.7.0_60]
	at net.minecraft.util.com.google.common.io.Files.newReader(Files.java:86) ~[craftbukkit-beta.jar:git-Bukkit-1.7.9-R0.1-10-g8688bd4-b3092jnks]
	at net.minecraft.server.v1_7_R3.JsonList.load(JsonList.java:147) ~[craftbukkit-beta.jar:git-Bukkit-1.7.9-R0.1-10-g8688bd4-b3092jnks]
	at net.minecraft.server.v1_7_R3.DedicatedPlayerList.z(SourceFile:107) [craftbukkit-beta.jar:git-Bukkit-1.7.9-R0.1-10-g8688bd4-b3092jnks]
	at net.minecraft.server.v1_7_R3.DedicatedPlayerList.<init>(SourceFile:29) [craftbukkit-beta.jar:git-Bukkit-1.7.9-R0.1-10-g8688bd4-b3092jnks]
	at net.minecraft.server.v1_7_R3.DedicatedServer.init(DedicatedServer.java:126) [craftbukkit-beta.jar:git-Bukkit-1.7.9-R0.1-10-g8688bd4-b3092jnks]
	at net.minecraft.server.v1_7_R3.MinecraftServer.run(MinecraftServer.java:436) [craftbukkit-beta.jar:git-Bukkit-1.7.9-R0.1-10-g8688bd4-b3092jnks]
	at net.minecraft.server.v1_7_R3.ThreadServerApplication.run(SourceFile:628) [craftbukkit-beta.jar:git-Bukkit-1.7.9-R0.1-10-g8688bd4-b3092jnks]
[20:18:45] [Server thread/WARN]: Failed to load white-list: 
java.io.FileNotFoundException: whitelist.json (No such file or directory)
	at java.io.FileInputStream.open(Native Method) ~[?:1.7.0_60]
	at java.io.FileInputStream.<init>(FileInputStream.java:146) ~[?:1.7.0_60]
	at net.minecraft.util.com.google.common.io.Files.newReader(Files.java:86) ~[craftbukkit-beta.jar:git-Bukkit-1.7.9-R0.1-10-g8688bd4-b3092jnks]
	at net.minecraft.server.v1_7_R3.JsonList.load(JsonList.java:147) ~[craftbukkit-beta.jar:git-Bukkit-1.7.9-R0.1-10-g8688bd4-b3092jnks]
	at net.minecraft.server.v1_7_R3.DedicatedPlayerList.B(SourceFile:123) [craftbukkit-beta.jar:git-Bukkit-1.7.9-R0.1-10-g8688bd4-b3092jnks]
	at net.minecraft.server.v1_7_R3.DedicatedPlayerList.<init>(SourceFile:30) [craftbukkit-beta.jar:git-Bukkit-1.7.9-R0.1-10-g8688bd4-b3092jnks]
	at net.minecraft.server.v1_7_R3.DedicatedServer.init(DedicatedServer.java:126) [craftbukkit-beta.jar:git-Bukkit-1.7.9-R0.1-10-g8688bd4-b3092jnks]
	at net.minecraft.server.v1_7_R3.MinecraftServer.run(MinecraftServer.java:436) [craftbukkit-beta.jar:git-Bukkit-1.7.9-R0.1-10-g8688bd4-b3092jnks]
	at net.minecraft.server.v1_7_R3.ThreadServerApplication.run(SourceFile:628) [craftbukkit-beta.jar:git-Bukkit-1.7.9-R0.1-10-g8688bd4-b3092jnks]
[20:18:45] [Server thread/INFO]: Preparing level "world"
[20:18:46] [Thread-6/INFO]: ----- Bukkit Auto Updater -----
[20:18:46] [Thread-6/INFO]: It appears that you're running a Beta Build, when you've specified in bukkit.yml that you prefer to run Recommended Builds.
[20:18:46] [Thread-6/INFO]: If you would like to be kept informed about new Beta Build releases, it is recommended that you change 'preferred-channel' in your bukkit.yml to 'beta'.
[20:18:46] [Thread-6/INFO]: With that set, you will be told whenever a new version is available for download, so that you can always keep up to date and secure with the latest fixes.
[20:18:46] [Thread-6/INFO]: If you would like to disable this warning, simply set 'suggest-channels' to false in bukkit.yml.
[20:18:46] [Thread-6/INFO]: ----- ------------------- -----
[20:18:46] [Server thread/INFO]: Preparing start region for level 0 (Seed: 3497869720743517558)
[20:18:47] [Server thread/INFO]: Preparing spawn area: 13%
[20:18:48] [Server thread/INFO]: Preparing spawn area: 31%
[20:18:49] [Server thread/INFO]: Preparing spawn area: 51%
[20:18:50] [Server thread/INFO]: Preparing spawn area: 72%
[20:18:56] [Server thread/INFO]: Preparing spawn area: 80%
[20:18:57] [Server thread/INFO]: Preparing spawn area: 88%
[20:18:58] [Server thread/INFO]: Preparing spawn area: 99%
[20:18:58] [Server thread/INFO]: Preparing start region for level 1 (Seed: 3497869720743517558)
[20:18:59] [Server thread/INFO]: Preparing spawn area: 15%
[20:19:00] [Server thread/INFO]: Preparing spawn area: 33%
[20:19:01] [Server thread/INFO]: Preparing spawn area: 48%
[20:19:02] [Server thread/INFO]: Preparing spawn area: 65%
[20:19:03] [Server thread/INFO]: Preparing spawn area: 80%
[20:19:06] [Server thread/INFO]: Preparing spawn area: 90%
[20:19:07] [Server thread/INFO]: Preparing start region for level 2 (Seed: 3497869720743517558)
[20:19:08] [Server thread/INFO]: Preparing spawn area: 48%
[20:19:10] [Server thread/INFO]: Done (24.944s)! For help, type "help" or "?"
[20:19:13] [Server thread/INFO]: CONSOLE: Stopping the server..[m
[20:19:13] [Server thread/INFO]: Stopping server
[20:19:13] [Server thread/INFO]: Saving players
[20:19:13] [Server thread/INFO]: Saving worlds
[20:19:13] [Server thread/INFO]: Saving chunks for level 'world'/Overworld
[20:19:15] [Server thread/INFO]: Saving chunks for level 'world_nether'/Nether
[20:19:17] [Server thread/INFO]: Saving chunks for level 'world_the_end'/The End
[20:19:18] [Thread-4/INFO]: Stopping server
[20:19:18] [Thread-4/INFO]: Saving players
[20:19:18] [Thread-4/INFO]: Saving worlds
[20:19:18] [Thread-4/INFO]: Saving chunks for level 'world'/Overworld
